#
# There is insufficient memory for the Java Runtime Environment to continue.
# Native memory allocation (mmap) failed to map 65536 bytes for Failed to commit metaspace.
# Possible reasons:
#   The system is out of physical RAM or swap space
#   The process is running with CompressedOops enabled, and the Java Heap may be blocking the growth of the native heap
# Possible solutions:
#   Reduce memory load on the system
#   Increase physical memory or swap space
#   Check if swap backing store is full
#   Decrease Java heap size (-Xmx/-Xms)
#   Decrease number of Java threads
#   Decrease Java thread stack sizes (-Xss)
#   Set larger code cache with -XX:ReservedCodeCacheSize=
#   JVM is running with Zero Based Compressed Oops mode in which the Java heap is
#     placed in the first 32GB address space. The Java Heap base address is the
#     maximum limit for the native heap growth. Please use -XX:HeapBaseMinAddress
#     to set the Java Heap base and to place the Java Heap above 32GB virtual address.
# This output file may be truncated or incomplete.
#
#  Out of Memory Error (virtualSpaceNode.cpp:110), pid=18500, tid=19428
#
# JRE version: OpenJDK Runtime Environment (18.0.1+10) (build 18.0.1+10-24)
# Java VM: OpenJDK 64-Bit Server VM (18.0.1+10-24, mixed mode, emulated-client, sharing, tiered, compressed oops, compressed class ptrs, g1 gc, windows-amd64)
# No core dump will be written. Minidumps are not enabled by default on client versions of Windows
#

---------------  S U M M A R Y ------------

Command Line: -XX:TieredStopAtLevel=1 -Dspring.output.ansi.enabled=always -Dcom.sun.management.jmxremote -Dspring.jmx.enabled=true -Dspring.liveBeansView.mbeanDomain -Dspring.application.admin.enabled=true -javaagent:D:\IntelliJ IDEA 2022.2.2\lib\idea_rt.jar=49404:D:\IntelliJ IDEA 2022.2.2\bin -Dfile.encoding=UTF-8 -Dsun.stdout.encoding=UTF-8 -Dsun.stderr.encoding=UTF-8 com.example.lab2.Lab2Application

Host: Intel(R) Core(TM) i7-10750H CPU @ 2.60GHz, 12 cores, 15G,  Windows 10 , 64 bit Build 19041 (10.0.19041.2364)
Time: Mon Dec 19 18:50:34 2022  Windows 10 , 64 bit Build 19041 (10.0.19041.2364) elapsed time: 0.272046 seconds (0d 0h 0m 0s)

---------------  T H R E A D  ---------------

Current thread (0x00000200dced4d50):  JavaThread "main" [_thread_in_vm, id=19428, stack(0x000000e61aa00000,0x000000e61ab00000)]

Stack: [0x000000e61aa00000,0x000000e61ab00000]
Native frames: (J=compiled Java code, j=interpreted, Vv=VM code, C=native code)
V  [jvm.dll+0x69887a]
V  [jvm.dll+0x7f38bd]
V  [jvm.dll+0x7f51ce]
V  [jvm.dll+0x7f5883]
V  [jvm.dll+0x25ca3f]
V  [jvm.dll+0x7ef5cb]
V  [jvm.dll+0x63ea76]
V  [jvm.dll+0x63eada]
V  [jvm.dll+0x64135e]
V  [jvm.dll+0x64121e]
V  [jvm.dll+0x63f43e]
V  [jvm.dll+0x25108f]
V  [jvm.dll+0x649a75]
V  [jvm.dll+0x202381]
V  [jvm.dll+0x2028b5]
V  [jvm.dll+0x2032ef]
V  [jvm.dll+0x1f8781]
V  [jvm.dll+0x55d685]
V  [jvm.dll+0x209637]
V  [jvm.dll+0x76cf6d]
V  [jvm.dll+0x76e2a6]
V  [jvm.dll+0x76e5d8]
V  [jvm.dll+0x254d46]
V  [jvm.dll+0x254f8f]
V  [jvm.dll+0x57c093]
V  [jvm.dll+0x57e4d4]
V  [jvm.dll+0x3a430e]
V  [jvm.dll+0x3a3dd2]
C  0x00000200e4817b48

Java frames: (J=compiled Java code, j=interpreted, Vv=VM code)
j  sun.rmi.transport.Target.<init>(Ljava/rmi/Remote;Lsun/rmi/server/Dispatcher;Ljava/rmi/Remote;Ljava/rmi/server/ObjID;Z)V+48 java.rmi@18.0.1
j  sun.rmi.server.UnicastServerRef.exportObject(Ljava/rmi/Remote;Ljava/lang/Object;Z)Ljava/rmi/Remote;+69 java.rmi@18.0.1
j  sun.management.jmxremote.ConnectorBootstrap$PermanentExporter.exportObject(Ljava/rmi/Remote;ILjava/rmi/server/RMIClientSocketFactory;Ljava/rmi/server/RMIServerSocketFactory;Ljava/io/ObjectInputFilter;)Ljava/rmi/Remote;+82 jdk.management.agent@18.0.1
j  javax.management.remote.rmi.RMIJRMPServerImpl.export(Ljava/rmi/Remote;Ljava/io/ObjectInputFilter;)V+62 java.management.rmi@18.0.1
j  javax.management.remote.rmi.RMIJRMPServerImpl.export()V+6 java.management.rmi@18.0.1
j  javax.management.remote.rmi.RMIConnectorServer.start()V+243 java.management.rmi@18.0.1
j  sun.management.jmxremote.ConnectorBootstrap.startLocalConnectorServer()Ljavax/management/remote/JMXConnectorServer;+290 jdk.management.agent@18.0.1
j  jdk.internal.agent.Agent.startLocalManagementAgent()V+13 jdk.management.agent@18.0.1
j  jdk.internal.agent.Agent.startAgent(Ljava/util/Properties;)V+58 jdk.management.agent@18.0.1
j  jdk.internal.agent.Agent.startAgent()V+20 jdk.management.agent@18.0.1
v  ~StubRoutines::call_stub

---------------  P R O C E S S  ---------------

Threads class SMR info:
_java_thread_list=0x00000200f83f20d0, length=14, elements={
0x00000200dced4d50, 0x00000200f3e57630, 0x00000200f3e58a30, 0x00000200f3e71430,
0x00000200f3e71dd0, 0x00000200f3e72770, 0x00000200f3e738b0, 0x00000200f3e74f40,
0x00000200f3e7f3a0, 0x00000200f3e406c0, 0x00000200f3e40f90, 0x00000200f8076e10,
0x00000200f83f4360, 0x00000200f83f4820
}

Java Threads: ( => current thread )
=>0x00000200dced4d50 JavaThread "main" [_thread_in_vm, id=19428, stack(0x000000e61aa00000,0x000000e61ab00000)]
  0x00000200f3e57630 JavaThread "Reference Handler" daemon [_thread_blocked, id=10148, stack(0x000000e61b100000,0x000000e61b200000)]
  0x00000200f3e58a30 JavaThread "Finalizer" daemon [_thread_blocked, id=6200, stack(0x000000e61b200000,0x000000e61b300000)]
  0x00000200f3e71430 JavaThread "Signal Dispatcher" daemon [_thread_blocked, id=6412, stack(0x000000e61b300000,0x000000e61b400000)]
  0x00000200f3e71dd0 JavaThread "Attach Listener" daemon [_thread_blocked, id=11540, stack(0x000000e61b400000,0x000000e61b500000)]
  0x00000200f3e72770 JavaThread "Service Thread" daemon [_thread_blocked, id=12504, stack(0x000000e61b500000,0x000000e61b600000)]
  0x00000200f3e738b0 JavaThread "Monitor Deflation Thread" daemon [_thread_blocked, id=12164, stack(0x000000e61b600000,0x000000e61b700000)]
  0x00000200f3e74f40 JavaThread "C1 CompilerThread0" daemon [_thread_blocked, id=18796, stack(0x000000e61b700000,0x000000e61b800000)]
  0x00000200f3e7f3a0 JavaThread "Sweeper thread" daemon [_thread_blocked, id=4644, stack(0x000000e61b800000,0x000000e61b900000)]
  0x00000200f3e406c0 JavaThread "Common-Cleaner" daemon [_thread_blocked, id=8692, stack(0x000000e61b900000,0x000000e61ba00000)]
  0x00000200f3e40f90 JavaThread "C1 CompilerThread1" daemon [_thread_blocked, id=18636, stack(0x000000e61ba00000,0x000000e61bb00000)]
  0x00000200f8076e10 JavaThread "C1 CompilerThread2" daemon [_thread_blocked, id=1536, stack(0x000000e61bb00000,0x000000e61bc00000)]
  0x00000200f83f4360 JavaThread "Monitor Ctrl-Break" daemon [_thread_in_native, id=7188, stack(0x000000e61bc00000,0x000000e61bd00000)]
  0x00000200f83f4820 JavaThread "Notification Thread" daemon [_thread_blocked, id=12760, stack(0x000000e61bd00000,0x000000e61be00000)]

Other Threads:
  0x00000200dcf5d150 VMThread "VM Thread" [stack: 0x000000e61b000000,0x000000e61b100000] [id=16788]
  0x00000200dcf45cd0 WorkerThread "GC Thread#0" [stack: 0x000000e61ab00000,0x000000e61ac00000] [id=4856]
  0x00000200dcf54a10 ConcurrentGCThread "G1 Main Marker" [stack: 0x000000e61ac00000,0x000000e61ad00000] [id=20372]
  0x00000200dacfebf0 WorkerThread "G1 Conc#0" [stack: 0x000000e61ad00000,0x000000e61ae00000] [id=2644]
  0x00000200dcf8e650 ConcurrentGCThread "G1 Refine#0" [stack: 0x000000e61ae00000,0x000000e61af00000] [id=12696]
  0x00000200f3d0f160 ConcurrentGCThread "G1 Service" [stack: 0x000000e61af00000,0x000000e61b000000] [id=5264]

Threads with active compile tasks:

VM state: not at safepoint (normal execution)

VM Mutex/Monitor currently owned by a thread:  ([mutex/lock_event])
[0x00000200dac27910] Metaspace_lock - owner thread: 0x00000200dced4d50

Heap address: 0x0000000702a00000, size: 4054 MB, Compressed Oops mode: Zero based, Oop shift amount: 3

CDS archive(s) mapped at: [0x0000000800000000-0x0000000800b90000-0x0000000800b90000), size 12124160, SharedBaseAddress: 0x0000000800000000, ArchiveRelocationMode: 0.
Compressed class space mapped at: 0x0000000800c00000-0x0000000840c00000, reserved size: 1073741824
Narrow klass base: 0x0000000800000000, Narrow klass shift: 0, Narrow klass range: 0x100000000

GC Precious Log:
 CardTable entry size: 512
 Card Set container configuration: InlinePtr #cards 4 size 8 Array Of Cards #cards 16 size 48 Howl #buckets 8 coarsen threshold 3686 Howl Bitmap #cards 512 size 80 coarsen threshold 460 Card regions per heap region 1 cards per card region 4096
 CPUs: 12 total, 12 available
 Memory: 16215M
 Large Page Support: Disabled
 NUMA Support: Disabled
 Compressed Oops: Enabled (Zero based)
 Heap Region Size: 2M
 Heap Min Capacity: 8M
 Heap Initial Capacity: 254M
 Heap Max Capacity: 4054M
 Pre-touch: Disabled
 Parallel Workers: 10
 Concurrent Workers: 3
 Concurrent Refinement Workers: 10
 Periodic GC: Disabled

Heap:
 garbage-first heap   total 260096K, used 8192K [0x0000000702a00000, 0x0000000800000000)
  region size 2048K, 6 young (12288K), 0 survivors (0K)
 Metaspace       used 3921K, committed 4032K, reserved 1114112K
  class space    used 460K, committed 512K, reserved 1048576K

Heap Regions: E=young(eden), S=young(survivor), O=old, HS=humongous(starts), HC=humongous(continues), CS=collection set, F=free, OA=open archive, CA=closed archive, TAMS=top-at-mark-start (previous, next)
|   0|0x0000000702a00000, 0x0000000702a00000, 0x0000000702c00000|  0%| F|  |TAMS 0x0000000702a00000, 0x0000000702a00000| Untracked 
|   1|0x0000000702c00000, 0x0000000702c00000, 0x0000000702e00000|  0%| F|  |TAMS 0x0000000702c00000, 0x0000000702c00000| Untracked 
|   2|0x0000000702e00000, 0x0000000702e00000, 0x0000000703000000|  0%| F|  |TAMS 0x0000000702e00000, 0x0000000702e00000| Untracked 
|   3|0x0000000703000000, 0x0000000703000000, 0x0000000703200000|  0%| F|  |TAMS 0x0000000703000000, 0x0000000703000000| Untracked 
|   4|0x0000000703200000, 0x0000000703200000, 0x0000000703400000|  0%| F|  |TAMS 0x0000000703200000, 0x0000000703200000| Untracked 
|   5|0x0000000703400000, 0x0000000703400000, 0x0000000703600000|  0%| F|  |TAMS 0x0000000703400000, 0x0000000703400000| Untracked 
|   6|0x0000000703600000, 0x0000000703600000, 0x0000000703800000|  0%| F|  |TAMS 0x0000000703600000, 0x0000000703600000| Untracked 
|   7|0x0000000703800000, 0x0000000703800000, 0x0000000703a00000|  0%| F|  |TAMS 0x0000000703800000, 0x0000000703800000| Untracked 
|   8|0x0000000703a00000, 0x0000000703a00000, 0x0000000703c00000|  0%| F|  |TAMS 0x0000000703a00000, 0x0000000703a00000| Untracked 
|   9|0x0000000703c00000, 0x0000000703c00000, 0x0000000703e00000|  0%| F|  |TAMS 0x0000000703c00000, 0x0000000703c00000| Untracked 
|  10|0x0000000703e00000, 0x0000000703e00000, 0x0000000704000000|  0%| F|  |TAMS 0x0000000703e00000, 0x0000000703e00000| Untracked 
|  11|0x0000000704000000, 0x0000000704000000, 0x0000000704200000|  0%| F|  |TAMS 0x0000000704000000, 0x0000000704000000| Untracked 
|  12|0x0000000704200000, 0x0000000704200000, 0x0000000704400000|  0%| F|  |TAMS 0x0000000704200000, 0x0000000704200000| Untracked 
|  13|0x0000000704400000, 0x0000000704400000, 0x0000000704600000|  0%| F|  |TAMS 0x0000000704400000, 0x0000000704400000| Untracked 
|  14|0x0000000704600000, 0x0000000704600000, 0x0000000704800000|  0%| F|  |TAMS 0x0000000704600000, 0x0000000704600000| Untracked 
|  15|0x0000000704800000, 0x0000000704800000, 0x0000000704a00000|  0%| F|  |TAMS 0x0000000704800000, 0x0000000704800000| Untracked 
|  16|0x0000000704a00000, 0x0000000704a00000, 0x0000000704c00000|  0%| F|  |TAMS 0x0000000704a00000, 0x0000000704a00000| Untracked 
|  17|0x0000000704c00000, 0x0000000704c00000, 0x0000000704e00000|  0%| F|  |TAMS 0x0000000704c00000, 0x0000000704c00000| Untracked 
|  18|0x0000000704e00000, 0x0000000704e00000, 0x0000000705000000|  0%| F|  |TAMS 0x0000000704e00000, 0x0000000704e00000| Untracked 
|  19|0x0000000705000000, 0x0000000705000000, 0x0000000705200000|  0%| F|  |TAMS 0x0000000705000000, 0x0000000705000000| Untracked 
|  20|0x0000000705200000, 0x0000000705200000, 0x0000000705400000|  0%| F|  |TAMS 0x0000000705200000, 0x0000000705200000| Untracked 
|  21|0x0000000705400000, 0x0000000705400000, 0x0000000705600000|  0%| F|  |TAMS 0x0000000705400000, 0x0000000705400000| Untracked 
|  22|0x0000000705600000, 0x0000000705600000, 0x0000000705800000|  0%| F|  |TAMS 0x0000000705600000, 0x0000000705600000| Untracked 
|  23|0x0000000705800000, 0x0000000705800000, 0x0000000705a00000|  0%| F|  |TAMS 0x0000000705800000, 0x0000000705800000| Untracked 
|  24|0x0000000705a00000, 0x0000000705a00000, 0x0000000705c00000|  0%| F|  |TAMS 0x0000000705a00000, 0x0000000705a00000| Untracked 
|  25|0x0000000705c00000, 0x0000000705c00000, 0x0000000705e00000|  0%| F|  |TAMS 0x0000000705c00000, 0x0000000705c00000| Untracked 
|  26|0x0000000705e00000, 0x0000000705e00000, 0x0000000706000000|  0%| F|  |TAMS 0x0000000705e00000, 0x0000000705e00000| Untracked 
|  27|0x0000000706000000, 0x0000000706000000, 0x0000000706200000|  0%| F|  |TAMS 0x0000000706000000, 0x0000000706000000| Untracked 
|  28|0x0000000706200000, 0x0000000706200000, 0x0000000706400000|  0%| F|  |TAMS 0x0000000706200000, 0x0000000706200000| Untracked 
|  29|0x0000000706400000, 0x0000000706400000, 0x0000000706600000|  0%| F|  |TAMS 0x0000000706400000, 0x0000000706400000| Untracked 
|  30|0x0000000706600000, 0x0000000706600000, 0x0000000706800000|  0%| F|  |TAMS 0x0000000706600000, 0x0000000706600000| Untracked 
|  31|0x0000000706800000, 0x0000000706800000, 0x0000000706a00000|  0%| F|  |TAMS 0x0000000706800000, 0x0000000706800000| Untracked 
|  32|0x0000000706a00000, 0x0000000706a00000, 0x0000000706c00000|  0%| F|  |TAMS 0x0000000706a00000, 0x0000000706a00000| Untracked 
|  33|0x0000000706c00000, 0x0000000706c00000, 0x0000000706e00000|  0%| F|  |TAMS 0x0000000706c00000, 0x0000000706c00000| Untracked 
|  34|0x0000000706e00000, 0x0000000706e00000, 0x0000000707000000|  0%| F|  |TAMS 0x0000000706e00000, 0x0000000706e00000| Untracked 
|  35|0x0000000707000000, 0x0000000707000000, 0x0000000707200000|  0%| F|  |TAMS 0x0000000707000000, 0x0000000707000000| Untracked 
|  36|0x0000000707200000, 0x0000000707200000, 0x0000000707400000|  0%| F|  |TAMS 0x0000000707200000, 0x0000000707200000| Untracked 
|  37|0x0000000707400000, 0x0000000707400000, 0x0000000707600000|  0%| F|  |TAMS 0x0000000707400000, 0x0000000707400000| Untracked 
|  38|0x0000000707600000, 0x0000000707600000, 0x0000000707800000|  0%| F|  |TAMS 0x0000000707600000, 0x0000000707600000| Untracked 
|  39|0x0000000707800000, 0x0000000707800000, 0x0000000707a00000|  0%| F|  |TAMS 0x0000000707800000, 0x0000000707800000| Untracked 
|  40|0x0000000707a00000, 0x0000000707a00000, 0x0000000707c00000|  0%| F|  |TAMS 0x0000000707a00000, 0x0000000707a00000| Untracked 
|  41|0x0000000707c00000, 0x0000000707c00000, 0x0000000707e00000|  0%| F|  |TAMS 0x0000000707c00000, 0x0000000707c00000| Untracked 
|  42|0x0000000707e00000, 0x0000000707e00000, 0x0000000708000000|  0%| F|  |TAMS 0x0000000707e00000, 0x0000000707e00000| Untracked 
|  43|0x0000000708000000, 0x0000000708000000, 0x0000000708200000|  0%| F|  |TAMS 0x0000000708000000, 0x0000000708000000| Untracked 
|  44|0x0000000708200000, 0x0000000708200000, 0x0000000708400000|  0%| F|  |TAMS 0x0000000708200000, 0x0000000708200000| Untracked 
|  45|0x0000000708400000, 0x0000000708400000, 0x0000000708600000|  0%| F|  |TAMS 0x0000000708400000, 0x0000000708400000| Untracked 
|  46|0x0000000708600000, 0x0000000708600000, 0x0000000708800000|  0%| F|  |TAMS 0x0000000708600000, 0x0000000708600000| Untracked 
|  47|0x0000000708800000, 0x0000000708800000, 0x0000000708a00000|  0%| F|  |TAMS 0x0000000708800000, 0x0000000708800000| Untracked 
|  48|0x0000000708a00000, 0x0000000708a00000, 0x0000000708c00000|  0%| F|  |TAMS 0x0000000708a00000, 0x0000000708a00000| Untracked 
|  49|0x0000000708c00000, 0x0000000708c00000, 0x0000000708e00000|  0%| F|  |TAMS 0x0000000708c00000, 0x0000000708c00000| Untracked 
|  50|0x0000000708e00000, 0x0000000708e00000, 0x0000000709000000|  0%| F|  |TAMS 0x0000000708e00000, 0x0000000708e00000| Untracked 
|  51|0x0000000709000000, 0x0000000709000000, 0x0000000709200000|  0%| F|  |TAMS 0x0000000709000000, 0x0000000709000000| Untracked 
|  52|0x0000000709200000, 0x0000000709200000, 0x0000000709400000|  0%| F|  |TAMS 0x0000000709200000, 0x0000000709200000| Untracked 
|  53|0x0000000709400000, 0x0000000709400000, 0x0000000709600000|  0%| F|  |TAMS 0x0000000709400000, 0x0000000709400000| Untracked 
|  54|0x0000000709600000, 0x0000000709600000, 0x0000000709800000|  0%| F|  |TAMS 0x0000000709600000, 0x0000000709600000| Untracked 
|  55|0x0000000709800000, 0x0000000709800000, 0x0000000709a00000|  0%| F|  |TAMS 0x0000000709800000, 0x0000000709800000| Untracked 
|  56|0x0000000709a00000, 0x0000000709a00000, 0x0000000709c00000|  0%| F|  |TAMS 0x0000000709a00000, 0x0000000709a00000| Untracked 
|  57|0x0000000709c00000, 0x0000000709c00000, 0x0000000709e00000|  0%| F|  |TAMS 0x0000000709c00000, 0x0000000709c00000| Untracked 
|  58|0x0000000709e00000, 0x0000000709e00000, 0x000000070a000000|  0%| F|  |TAMS 0x0000000709e00000, 0x0000000709e00000| Untracked 
|  59|0x000000070a000000, 0x000000070a000000, 0x000000070a200000|  0%| F|  |TAMS 0x000000070a000000, 0x000000070a000000| Untracked 
|  60|0x000000070a200000, 0x000000070a200000, 0x000000070a400000|  0%| F|  |TAMS 0x000000070a200000, 0x000000070a200000| Untracked 
|  61|0x000000070a400000, 0x000000070a400000, 0x000000070a600000|  0%| F|  |TAMS 0x000000070a400000, 0x000000070a400000| Untracked 
|  62|0x000000070a600000, 0x000000070a600000, 0x000000070a800000|  0%| F|  |TAMS 0x000000070a600000, 0x000000070a600000| Untracked 
|  63|0x000000070a800000, 0x000000070a800000, 0x000000070aa00000|  0%| F|  |TAMS 0x000000070a800000, 0x000000070a800000| Untracked 
|  64|0x000000070aa00000, 0x000000070aa00000, 0x000000070ac00000|  0%| F|  |TAMS 0x000000070aa00000, 0x000000070aa00000| Untracked 
|  65|0x000000070ac00000, 0x000000070ac00000, 0x000000070ae00000|  0%| F|  |TAMS 0x000000070ac00000, 0x000000070ac00000| Untracked 
|  66|0x000000070ae00000, 0x000000070ae00000, 0x000000070b000000|  0%| F|  |TAMS 0x000000070ae00000, 0x000000070ae00000| Untracked 
|  67|0x000000070b000000, 0x000000070b000000, 0x000000070b200000|  0%| F|  |TAMS 0x000000070b000000, 0x000000070b000000| Untracked 
|  68|0x000000070b200000, 0x000000070b200000, 0x000000070b400000|  0%| F|  |TAMS 0x000000070b200000, 0x000000070b200000| Untracked 
|  69|0x000000070b400000, 0x000000070b400000, 0x000000070b600000|  0%| F|  |TAMS 0x000000070b400000, 0x000000070b400000| Untracked 
|  70|0x000000070b600000, 0x000000070b600000, 0x000000070b800000|  0%| F|  |TAMS 0x000000070b600000, 0x000000070b600000| Untracked 
|  71|0x000000070b800000, 0x000000070b800000, 0x000000070ba00000|  0%| F|  |TAMS 0x000000070b800000, 0x000000070b800000| Untracked 
|  72|0x000000070ba00000, 0x000000070ba00000, 0x000000070bc00000|  0%| F|  |TAMS 0x000000070ba00000, 0x000000070ba00000| Untracked 
|  73|0x000000070bc00000, 0x000000070bc00000, 0x000000070be00000|  0%| F|  |TAMS 0x000000070bc00000, 0x000000070bc00000| Untracked 
|  74|0x000000070be00000, 0x000000070be00000, 0x000000070c000000|  0%| F|  |TAMS 0x000000070be00000, 0x000000070be00000| Untracked 
|  75|0x000000070c000000, 0x000000070c000000, 0x000000070c200000|  0%| F|  |TAMS 0x000000070c000000, 0x000000070c000000| Untracked 
|  76|0x000000070c200000, 0x000000070c200000, 0x000000070c400000|  0%| F|  |TAMS 0x000000070c200000, 0x000000070c200000| Untracked 
|  77|0x000000070c400000, 0x000000070c400000, 0x000000070c600000|  0%| F|  |TAMS 0x000000070c400000, 0x000000070c400000| Untracked 
|  78|0x000000070c600000, 0x000000070c600000, 0x000000070c800000|  0%| F|  |TAMS 0x000000070c600000, 0x000000070c600000| Untracked 
|  79|0x000000070c800000, 0x000000070c800000, 0x000000070ca00000|  0%| F|  |TAMS 0x000000070c800000, 0x000000070c800000| Untracked 
|  80|0x000000070ca00000, 0x000000070ca00000, 0x000000070cc00000|  0%| F|  |TAMS 0x000000070ca00000, 0x000000070ca00000| Untracked 
|  81|0x000000070cc00000, 0x000000070cc00000, 0x000000070ce00000|  0%| F|  |TAMS 0x000000070cc00000, 0x000000070cc00000| Untracked 
|  82|0x000000070ce00000, 0x000000070ce00000, 0x000000070d000000|  0%| F|  |TAMS 0x000000070ce00000, 0x000000070ce00000| Untracked 
|  83|0x000000070d000000, 0x000000070d000000, 0x000000070d200000|  0%| F|  |TAMS 0x000000070d000000, 0x000000070d000000| Untracked 
|  84|0x000000070d200000, 0x000000070d200000, 0x000000070d400000|  0%| F|  |TAMS 0x000000070d200000, 0x000000070d200000| Untracked 
|  85|0x000000070d400000, 0x000000070d400000, 0x000000070d600000|  0%| F|  |TAMS 0x000000070d400000, 0x000000070d400000| Untracked 
|  86|0x000000070d600000, 0x000000070d600000, 0x000000070d800000|  0%| F|  |TAMS 0x000000070d600000, 0x000000070d600000| Untracked 
|  87|0x000000070d800000, 0x000000070d800000, 0x000000070da00000|  0%| F|  |TAMS 0x000000070d800000, 0x000000070d800000| Untracked 
|  88|0x000000070da00000, 0x000000070da00000, 0x000000070dc00000|  0%| F|  |TAMS 0x000000070da00000, 0x000000070da00000| Untracked 
|  89|0x000000070dc00000, 0x000000070dc00000, 0x000000070de00000|  0%| F|  |TAMS 0x000000070dc00000, 0x000000070dc00000| Untracked 
|  90|0x000000070de00000, 0x000000070de00000, 0x000000070e000000|  0%| F|  |TAMS 0x000000070de00000, 0x000000070de00000| Untracked 
|  91|0x000000070e000000, 0x000000070e000000, 0x000000070e200000|  0%| F|  |TAMS 0x000000070e000000, 0x000000070e000000| Untracked 
|  92|0x000000070e200000, 0x000000070e200000, 0x000000070e400000|  0%| F|  |TAMS 0x000000070e200000, 0x000000070e200000| Untracked 
|  93|0x000000070e400000, 0x000000070e400000, 0x000000070e600000|  0%| F|  |TAMS 0x000000070e400000, 0x000000070e400000| Untracked 
|  94|0x000000070e600000, 0x000000070e600000, 0x000000070e800000|  0%| F|  |TAMS 0x000000070e600000, 0x000000070e600000| Untracked 
|  95|0x000000070e800000, 0x000000070e800000, 0x000000070ea00000|  0%| F|  |TAMS 0x000000070e800000, 0x000000070e800000| Untracked 
|  96|0x000000070ea00000, 0x000000070ea00000, 0x000000070ec00000|  0%| F|  |TAMS 0x000000070ea00000, 0x000000070ea00000| Untracked 
|  97|0x000000070ec00000, 0x000000070ec00000, 0x000000070ee00000|  0%| F|  |TAMS 0x000000070ec00000, 0x000000070ec00000| Untracked 
|  98|0x000000070ee00000, 0x000000070ee00000, 0x000000070f000000|  0%| F|  |TAMS 0x000000070ee00000, 0x000000070ee00000| Untracked 
|  99|0x000000070f000000, 0x000000070f000000, 0x000000070f200000|  0%| F|  |TAMS 0x000000070f000000, 0x000000070f000000| Untracked 
| 100|0x000000070f200000, 0x000000070f200000, 0x000000070f400000|  0%| F|  |TAMS 0x000000070f200000, 0x000000070f200000| Untracked 
| 101|0x000000070f400000, 0x000000070f400000, 0x000000070f600000|  0%| F|  |TAMS 0x000000070f400000, 0x000000070f400000| Untracked 
| 102|0x000000070f600000, 0x000000070f600000, 0x000000070f800000|  0%| F|  |TAMS 0x000000070f600000, 0x000000070f600000| Untracked 
| 103|0x000000070f800000, 0x000000070f800000, 0x000000070fa00000|  0%| F|  |TAMS 0x000000070f800000, 0x000000070f800000| Untracked 
| 104|0x000000070fa00000, 0x000000070fa00000, 0x000000070fc00000|  0%| F|  |TAMS 0x000000070fa00000, 0x000000070fa00000| Untracked 
| 105|0x000000070fc00000, 0x000000070fc00000, 0x000000070fe00000|  0%| F|  |TAMS 0x000000070fc00000, 0x000000070fc00000| Untracked 
| 106|0x000000070fe00000, 0x000000070fe00000, 0x0000000710000000|  0%| F|  |TAMS 0x000000070fe00000, 0x000000070fe00000| Untracked 
| 107|0x0000000710000000, 0x0000000710000000, 0x0000000710200000|  0%| F|  |TAMS 0x0000000710000000, 0x0000000710000000| Untracked 
| 108|0x0000000710200000, 0x0000000710200000, 0x0000000710400000|  0%| F|  |TAMS 0x0000000710200000, 0x0000000710200000| Untracked 
| 109|0x0000000710400000, 0x0000000710400000, 0x0000000710600000|  0%| F|  |TAMS 0x0000000710400000, 0x0000000710400000| Untracked 
| 110|0x0000000710600000, 0x0000000710600000, 0x0000000710800000|  0%| F|  |TAMS 0x0000000710600000, 0x0000000710600000| Untracked 
| 111|0x0000000710800000, 0x0000000710800000, 0x0000000710a00000|  0%| F|  |TAMS 0x0000000710800000, 0x0000000710800000| Untracked 
| 112|0x0000000710a00000, 0x0000000710a00000, 0x0000000710c00000|  0%| F|  |TAMS 0x0000000710a00000, 0x0000000710a00000| Untracked 
| 113|0x0000000710c00000, 0x0000000710c00000, 0x0000000710e00000|  0%| F|  |TAMS 0x0000000710c00000, 0x0000000710c00000| Untracked 
| 114|0x0000000710e00000, 0x0000000710e00000, 0x0000000711000000|  0%| F|  |TAMS 0x0000000710e00000, 0x0000000710e00000| Untracked 
| 115|0x0000000711000000, 0x0000000711000000, 0x0000000711200000|  0%| F|  |TAMS 0x0000000711000000, 0x0000000711000000| Untracked 
| 116|0x0000000711200000, 0x0000000711200000, 0x0000000711400000|  0%| F|  |TAMS 0x0000000711200000, 0x0000000711200000| Untracked 
| 117|0x0000000711400000, 0x0000000711400000, 0x0000000711600000|  0%| F|  |TAMS 0x0000000711400000, 0x0000000711400000| Untracked 
| 118|0x0000000711600000, 0x0000000711600000, 0x0000000711800000|  0%| F|  |TAMS 0x0000000711600000, 0x0000000711600000| Untracked 
| 119|0x0000000711800000, 0x0000000711800000, 0x0000000711a00000|  0%| F|  |TAMS 0x0000000711800000, 0x0000000711800000| Untracked 
| 120|0x0000000711a00000, 0x0000000711a00000, 0x0000000711c00000|  0%| F|  |TAMS 0x0000000711a00000, 0x0000000711a00000| Untracked 
| 121|0x0000000711c00000, 0x0000000711d52740, 0x0000000711e00000| 66%| E|  |TAMS 0x0000000711c00000, 0x0000000711c00000| Complete 
| 122|0x0000000711e00000, 0x0000000712000000, 0x0000000712000000|100%| E|CS|TAMS 0x0000000711e00000, 0x0000000711e00000| Complete 
| 123|0x0000000712000000, 0x0000000712200000, 0x0000000712200000|100%| E|CS|TAMS 0x0000000712000000, 0x0000000712000000| Complete 
| 124|0x0000000712200000, 0x0000000712400000, 0x0000000712400000|100%| E|  |TAMS 0x0000000712200000, 0x0000000712200000| Complete 
| 125|0x0000000712400000, 0x0000000712600000, 0x0000000712600000|100%| E|CS|TAMS 0x0000000712400000, 0x0000000712400000| Complete 
| 126|0x0000000712600000, 0x0000000712800000, 0x0000000712800000|100%| E|CS|TAMS 0x0000000712600000, 0x0000000712600000| Complete 

Card table byte_map: [0x00000200e8320000,0x00000200e8b10000] _byte_map_base: 0x00000200e4b0b000

Marking Bits (Prev, Next): (CMBitMap*) 0x00000200dcf472e0, (CMBitMap*) 0x00000200dcf47320
 Prev Bits: [0x00000200e9300000, 0x00000200ed258000)
 Next Bits: [0x00000200ed260000, 0x00000200f11b8000)

Polling page: 0x00000200daec0000

Metaspace:

Usage:
  Non-class:      3.38 MB used.
      Class:    460.93 KB used.
       Both:      3.83 MB used.

Virtual space:
  Non-class space:       64.00 MB reserved,       3.44 MB (  5%) committed,  1 nodes.
      Class space:        1.00 GB reserved,     512.00 KB ( <1%) committed,  1 nodes.
             Both:        1.06 GB reserved,       3.94 MB ( <1%) committed. 

Chunk freelists:
   Non-Class:  3.91 MB
       Class:  3.52 MB
        Both:  7.42 MB

MaxMetaspaceSize: unlimited
CompressedClassSpaceSize: 1.00 GB
Initial GC threshold: 21.00 MB
Current GC threshold: 21.00 MB
CDS: on
MetaspaceReclaimPolicy: balanced
 - commit_granule_bytes: 65536.
 - commit_granule_words: 8192.
 - virtual_space_node_default_size: 8388608.
 - enlarge_chunks_in_place: 1.
 - new_chunks_are_fully_committed: 0.
 - uncommit_free_chunks: 1.
 - use_allocation_guard: 0.


Internal statistics:

num_allocs_failed_limit: 0.
num_arena_births: 90.
num_arena_deaths: 0.
num_vsnodes_births: 2.
num_vsnodes_deaths: 0.
num_space_committed: 63.
num_space_uncommitted: 0.
num_chunks_returned_to_freelist: 0.
num_chunks_taken_from_freelist: 96.
num_chunk_merges: 0.
num_chunk_splits: 67.
num_chunks_enlarged: 43.
num_inconsistent_stats: 0.

CodeCache: size=49152Kb used=3338Kb max_used=3338Kb free=45813Kb
 bounds [0x00000200e4800000, 0x00000200e4b50000, 0x00000200e7800000]
 total_blobs=1273 nmethods=839 adapters=360
 compilation: enabled
              stopped_count=0, restarted_count=0
 full_count=0

Compilation events (20 events):
Event: 0.262 Thread 0x00000200f3e74f40 nmethod 827 0x00000200e4b3cc10 code [0x00000200e4b3cda0, 0x00000200e4b3ce78]
Event: 0.263 Thread 0x00000200f8076e10 nmethod 823 0x00000200e4b3d210 code [0x00000200e4b3d400, 0x00000200e4b3d8c8]
Event: 0.263 Thread 0x00000200f8076e10  830       1       jdk.internal.org.objectweb.asm.Type::getReturnTypeOffset (64 bytes)
Event: 0.263 Thread 0x00000200f3e74f40  831       1       jdk.internal.org.objectweb.asm.MethodVisitor::<init> (88 bytes)
Event: 0.263 Thread 0x00000200f8076e10 nmethod 830 0x00000200e4b3db90 code [0x00000200e4b3dd60, 0x00000200e4b3e238]
Event: 0.263 Thread 0x00000200f3e74f40 nmethod 831 0x00000200e4b3e610 code [0x00000200e4b3e800, 0x00000200e4b3ece8]
Event: 0.268 Thread 0x00000200f3e74f40  833       1       java.lang.invoke.DirectMethodHandle::preparedLambdaForm (31 bytes)
Event: 0.268 Thread 0x00000200f8076e10  834       1       java.util.Properties::getProperty (50 bytes)
Event: 0.268 Thread 0x00000200f3e74f40 nmethod 833 0x00000200e4b3f310 code [0x00000200e4b3f4c0, 0x00000200e4b3f6f8]
Event: 0.268 Thread 0x00000200f3e40f90  835       1       java.lang.invoke.MethodHandleNatives::refKindIsMethod (19 bytes)
Event: 0.269 Thread 0x00000200f3e40f90 nmethod 835 0x00000200e4b3f890 code [0x00000200e4b3fa20, 0x00000200e4b3faf8]
Event: 0.269 Thread 0x00000200f8076e10 nmethod 834 0x00000200e4b3fb90 code [0x00000200e4b3fd40, 0x00000200e4b3ff38]
Event: 0.269 Thread 0x00000200f8076e10  836       1       java.lang.invoke.MethodHandles$Lookup::checkSecurityManager (97 bytes)
Event: 0.269 Thread 0x00000200f3e40f90  837       1       java.lang.Class::descriptorString (170 bytes)
Event: 0.269 Thread 0x00000200f8076e10 nmethod 836 0x00000200e4b40010 code [0x00000200e4b401c0, 0x00000200e4b403f8]
Event: 0.269 Thread 0x00000200f3e40f90 nmethod 837 0x00000200e4b40e10 code [0x00000200e4b41160, 0x00000200e4b41d18]
Event: 0.270 Thread 0x00000200f8076e10  838       1       java.lang.invoke.BoundMethodHandle::<init> (32 bytes)
Event: 0.270 Thread 0x00000200f8076e10 nmethod 838 0x00000200e4b42390 code [0x00000200e4b42520, 0x00000200e4b42608]
Event: 0.270 Thread 0x00000200f3e74f40  839       1       java.util.ImmutableCollections$List12::size (16 bytes)
Event: 0.271 Thread 0x00000200f3e74f40 nmethod 839 0x00000200e4b42690 code [0x00000200e4b42820, 0x00000200e4b42918]

GC Heap History (0 events):
No events

Deoptimization events (0 events):
No events

Classes loaded (20 events):
Event: 0.270 Loading class java/rmi/server/RemoteStub
Event: 0.270 Loading class java/rmi/server/RemoteObject
Event: 0.270 Loading class java/rmi/server/RemoteObject done
Event: 0.270 Loading class java/rmi/server/RemoteStub done
Event: 0.270 Loading class javax/management/remote/rmi/RMIServerImpl_Stub done
Event: 0.271 Loading class java/rmi/RemoteException
Event: 0.271 Loading class java/rmi/RemoteException done
Event: 0.271 Loading class javax/management/remote/rmi/RMIConnection
Event: 0.271 Loading class javax/management/remote/rmi/RMIConnection done
Event: 0.271 Loading class javax/management/remote/rmi/RMIServerImpl_Skel
Event: 0.271 Loading class javax/management/remote/rmi/RMIServerImpl_Skel done
Event: 0.271 Loading class java/rmi/server/SkeletonNotFoundException
Event: 0.271 Loading class java/rmi/server/SkeletonNotFoundException done
Event: 0.271 Loading class sun/rmi/transport/Target
Event: 0.271 Loading class sun/rmi/transport/Target done
Event: 0.271 Loading class java/util/Vector
Event: 0.271 Loading class java/util/Vector done
Event: 0.271 Loading class sun/rmi/transport/WeakRef
Event: 0.271 Loading class sun/rmi/transport/WeakRef done
Event: 0.271 Loading class sun/rmi/transport/ObjectTable

Classes unloaded (0 events):
No events

Classes redefined (0 events):
No events

Internal exceptions (11 events):
Event: 0.125 Thread 0x00000200dced4d50 Exception <a 'java/lang/NoSuchMethodError'{0x0000000712132540}: 'void java.lang.invoke.DirectMethodHandle$Holder.invokeStatic(java.lang.Object, java.lang.Object, java.lang.Object)'> (0x0000000712132540) 
thrown [s\open\src\hotspot\share\interpreter\linkResolver.cpp, line 766]
Event: 0.128 Thread 0x00000200dced4d50 Exception <a 'java/lang/NoSuchMethodError'{0x000000071214b258}: 'java.lang.Object java.lang.invoke.Invokers$Holder.invokeExact_MT(java.lang.Object, java.lang.Object, java.lang.Object, java.lang.Object, java.lang.Object)'> (0x000000071214b258) 
thrown [s\open\src\hotspot\share\interpreter\linkResolver.cpp, line 766]
Event: 0.137 Thread 0x00000200f83f4360 Exception <a 'java/lang/NoSuchMethodError'{0x0000000712192c68}: 'void java.lang.invoke.DirectMethodHandle$Holder.invokeStatic(java.lang.Object, java.lang.Object)'> (0x0000000712192c68) 
thrown [s\open\src\hotspot\share\interpreter\linkResolver.cpp, line 766]
Event: 0.147 Thread 0x00000200dced4d50 Exception <a 'java/lang/NoSuchMethodError'{0x000000071217fe50}: 'java.lang.Object java.lang.invoke.DirectMethodHandle$Holder.invokeStaticInit(java.lang.Object)'> (0x000000071217fe50) 
thrown [s\open\src\hotspot\share\interpreter\linkResolver.cpp, line 766]
Event: 0.158 Thread 0x00000200dced4d50 Exception <a 'java/lang/NoSuchMethodError'{0x0000000711e06f70}: 'int java.lang.invoke.DirectMethodHandle$Holder.invokeInterface(java.lang.Object, java.lang.Object)'> (0x0000000711e06f70) 
thrown [s\open\src\hotspot\share\interpreter\linkResolver.cpp, line 766]
Event: 0.158 Thread 0x00000200dced4d50 Exception <a 'java/lang/IncompatibleClassChangeError'{0x0000000711e0a568}: Found class java.lang.Object, but interface was expected> (0x0000000711e0a568) 
thrown [s\open\src\hotspot\share\interpreter\linkResolver.cpp, line 833]
Event: 0.190 Thread 0x00000200dced4d50 Exception <a 'java/lang/NoSuchMethodError'{0x0000000711ed9e38}: 'int java.lang.invoke.DirectMethodHandle$Holder.invokeSpecial(java.lang.Object, java.lang.Object, java.lang.Object)'> (0x0000000711ed9e38) 
thrown [s\open\src\hotspot\share\interpreter\linkResolver.cpp, line 766]
Event: 0.219 Thread 0x00000200dced4d50 Exception <a 'java/lang/NoSuchMethodError'{0x0000000711c0ef40}: 'int java.lang.invoke.DirectMethodHandle$Holder.invokeSpecialIFC(java.lang.Object, java.lang.Object, java.lang.Object)'> (0x0000000711c0ef40) 
thrown [s\open\src\hotspot\share\interpreter\linkResolver.cpp, line 766]
Event: 0.233 Thread 0x00000200dced4d50 Exception <a 'java/lang/NoSuchMethodError'{0x0000000711c85e60}: 'java.lang.Object java.lang.invoke.DirectMethodHandle$Holder.invokeStaticInit(java.lang.Object, int, int, int, int)'> (0x0000000711c85e60) 
thrown [s\open\src\hotspot\share\interpreter\linkResolver.cpp, line 766]
Event: 0.263 Thread 0x00000200dced4d50 Exception <a 'java/lang/NoSuchMethodError'{0x0000000711cf4970}: 'java.lang.Object java.lang.invoke.DirectMethodHandle$Holder.invokeStaticInit(java.lang.Object, java.lang.Object, int, int, int, int)'> (0x0000000711cf4970) 
thrown [s\open\src\hotspot\share\interpreter\linkResolver.cpp, line 766]
Event: 0.271 Thread 0x00000200dced4d50 Exception <a 'java/lang/ClassNotFoundException'{0x0000000711d13dd8}: javax/management/remote/rmi/RMIServerImpl_Skel> (0x0000000711d13dd8) 
thrown [s\open\src\hotspot\share\classfile\systemDictionary.cpp, line 255]

VM Operations (8 events):
Event: 0.068 Executing VM operation: HandshakeAllThreads
Event: 0.068 Executing VM operation: HandshakeAllThreads done
Event: 0.133 Executing VM operation: HandshakeAllThreads
Event: 0.133 Executing VM operation: HandshakeAllThreads done
Event: 0.161 Executing VM operation: HandshakeAllThreads
Event: 0.161 Executing VM operation: HandshakeAllThreads done
Event: 0.227 Executing VM operation: HandshakeAllThreads
Event: 0.227 Executing VM operation: HandshakeAllThreads done

Events (20 events):
Event: 0.021 Thread 0x00000200f3e71430 Thread added: 0x00000200f3e71430
Event: 0.021 Thread 0x00000200f3e71dd0 Thread added: 0x00000200f3e71dd0
Event: 0.021 Thread 0x00000200f3e72770 Thread added: 0x00000200f3e72770
Event: 0.021 Thread 0x00000200f3e738b0 Thread added: 0x00000200f3e738b0
Event: 0.021 Thread 0x00000200f3e74f40 Thread added: 0x00000200f3e74f40
Event: 0.021 Thread 0x00000200f3e7f3a0 Thread added: 0x00000200f3e7f3a0
Event: 0.063 Thread 0x00000200f3e406c0 Thread added: 0x00000200f3e406c0
Event: 0.068 Thread 0x00000200f3e40f90 Thread added: 0x00000200f3e40f90
Event: 0.069 Thread 0x00000200f8076e10 Thread added: 0x00000200f8076e10
Event: 0.076 Loaded shared library C:\Users\Raven\.jdks\openjdk-18.0.1\bin\zip.dll
Event: 0.078 Loaded shared library C:\Users\Raven\.jdks\openjdk-18.0.1\bin\instrument.dll
Event: 0.082 Loaded shared library C:\Users\Raven\.jdks\openjdk-18.0.1\bin\net.dll
Event: 0.083 Loaded shared library C:\Users\Raven\.jdks\openjdk-18.0.1\bin\nio.dll
Event: 0.086 Loaded shared library C:\Users\Raven\.jdks\openjdk-18.0.1\bin\zip.dll
Event: 0.131 Loaded shared library D:\IntelliJ IDEA 2022.2.2\bin\breakgen64.dll
Event: 0.131 Thread 0x00000200f83f4360 Thread added: 0x00000200f83f4360
Event: 0.131 Thread 0x00000200f83f4820 Thread added: 0x00000200f83f4820
Event: 0.134 Loaded shared library C:\Users\Raven\.jdks\openjdk-18.0.1\bin\jimage.dll
Event: 0.148 Loaded shared library C:\Users\Raven\.jdks\openjdk-18.0.1\bin\management.dll
Event: 0.156 Loaded shared library C:\Users\Raven\.jdks\openjdk-18.0.1\bin\management_ext.dll


Dynamic libraries:
0x00007ff64cc50000 - 0x00007ff64cc5e000 	C:\Users\Raven\.jdks\openjdk-18.0.1\bin\java.exe
0x00007ffc26010000 - 0x00007ffc26208000 	C:\Windows\SYSTEM32\ntdll.dll
0x00007ffc25260000 - 0x00007ffc2531f000 	C:\Windows\System32\KERNEL32.DLL
0x00007ffc23b90000 - 0x00007ffc23e62000 	C:\Windows\System32\KERNELBASE.dll
0x00007ffc23750000 - 0x00007ffc23850000 	C:\Windows\System32\ucrtbase.dll
0x00007ffc180f0000 - 0x00007ffc18107000 	C:\Users\Raven\.jdks\openjdk-18.0.1\bin\jli.dll
0x00007ffc18110000 - 0x00007ffc1812a000 	C:\Users\Raven\.jdks\openjdk-18.0.1\bin\VCRUNTIME140.dll
0x00007ffc24e20000 - 0x00007ffc24fc1000 	C:\Windows\System32\USER32.dll
0x00007ffc23af0000 - 0x00007ffc23b12000 	C:\Windows\System32\win32u.dll
0x00007ffc02fc0000 - 0x00007ffc0325a000 	C:\Windows\WinSxS\amd64_microsoft.windows.common-controls_6595b64144ccf1df_6.0.19041.1110_none_60b5254171f9507e\COMCTL32.dll
0x00007ffc24cb0000 - 0x00007ffc24cdb000 	C:\Windows\System32\GDI32.dll
0x00007ffc25050000 - 0x00007ffc250ee000 	C:\Windows\System32\msvcrt.dll
0x00007ffc23f10000 - 0x00007ffc2401f000 	C:\Windows\System32\gdi32full.dll
0x00007ffc23e70000 - 0x00007ffc23f0d000 	C:\Windows\System32\msvcp_win.dll
0x00007ffc25f30000 - 0x00007ffc25f62000 	C:\Windows\System32\IMM32.DLL
0x00007ffc1d4e0000 - 0x00007ffc1d4ec000 	C:\Users\Raven\.jdks\openjdk-18.0.1\bin\vcruntime140_1.dll
0x00007ffc04730000 - 0x00007ffc047bd000 	C:\Users\Raven\.jdks\openjdk-18.0.1\bin\msvcp140.dll
0x00007ffbe02a0000 - 0x00007ffbe0eb0000 	C:\Users\Raven\.jdks\openjdk-18.0.1\bin\server\jvm.dll
0x00007ffc25320000 - 0x00007ffc253ce000 	C:\Windows\System32\ADVAPI32.dll
0x00007ffc251c0000 - 0x00007ffc2525c000 	C:\Windows\System32\sechost.dll
0x00007ffc24cf0000 - 0x00007ffc24e15000 	C:\Windows\System32\RPCRT4.dll
0x00007ffc253d0000 - 0x00007ffc253d8000 	C:\Windows\System32\PSAPI.DLL
0x00007ffc1c390000 - 0x00007ffc1c39a000 	C:\Windows\SYSTEM32\VERSION.dll
0x00007ffc21790000 - 0x00007ffc21799000 	C:\Windows\SYSTEM32\WSOCK32.dll
0x00007ffc0d6b0000 - 0x00007ffc0d6d7000 	C:\Windows\SYSTEM32\WINMM.dll
0x00007ffc25e60000 - 0x00007ffc25ecb000 	C:\Windows\System32\WS2_32.dll
0x00007ffc21f50000 - 0x00007ffc21f62000 	C:\Windows\SYSTEM32\kernel.appcore.dll
0x00007ffc184c0000 - 0x00007ffc184ca000 	C:\Users\Raven\.jdks\openjdk-18.0.1\bin\jimage.dll
0x00007ffc214c0000 - 0x00007ffc216a4000 	C:\Windows\SYSTEM32\DBGHELP.DLL
0x00007ffc1a380000 - 0x00007ffc1a3b5000 	C:\Windows\SYSTEM32\dbgcore.DLL
0x00007ffc23a60000 - 0x00007ffc23ae2000 	C:\Windows\System32\bcryptPrimitives.dll
0x00007ffc113f0000 - 0x00007ffc113fe000 	C:\Users\Raven\.jdks\openjdk-18.0.1\bin\instrument.dll
0x00007ffc17cb0000 - 0x00007ffc17cd5000 	C:\Users\Raven\.jdks\openjdk-18.0.1\bin\java.dll
0x00007ffbfb2b0000 - 0x00007ffbfb386000 	C:\Users\Raven\.jdks\openjdk-18.0.1\bin\jsvml.dll
0x00007ffc24560000 - 0x00007ffc24ca4000 	C:\Windows\System32\SHELL32.dll
0x00007ffc217a0000 - 0x00007ffc21f32000 	C:\Windows\SYSTEM32\windows.storage.dll
0x00007ffc24050000 - 0x00007ffc243a5000 	C:\Windows\System32\combase.dll
0x00007ffc23160000 - 0x00007ffc23190000 	C:\Windows\SYSTEM32\Wldp.dll
0x00007ffc25660000 - 0x00007ffc2570d000 	C:\Windows\System32\SHCORE.dll
0x00007ffc25600000 - 0x00007ffc25655000 	C:\Windows\System32\shlwapi.dll
0x00007ffc23640000 - 0x00007ffc2365f000 	C:\Windows\SYSTEM32\profapi.dll
0x00007ffc0dda0000 - 0x00007ffc0ddb8000 	C:\Users\Raven\.jdks\openjdk-18.0.1\bin\zip.dll
0x00007ffc0de00000 - 0x00007ffc0de13000 	C:\Users\Raven\.jdks\openjdk-18.0.1\bin\net.dll
0x00007ffc18590000 - 0x00007ffc1869c000 	C:\Windows\SYSTEM32\WINHTTP.dll
0x00007ffc22ec0000 - 0x00007ffc22f2a000 	C:\Windows\system32\mswsock.dll
0x00007ffc0ddc0000 - 0x00007ffc0ddd6000 	C:\Users\Raven\.jdks\openjdk-18.0.1\bin\nio.dll
0x00007ffc113d0000 - 0x00007ffc113ea000 	D:\IntelliJ IDEA 2022.2.2\bin\breakgen64.dll
0x00007ffc22ba0000 - 0x00007ffc22c6a000 	C:\Windows\SYSTEM32\DNSAPI.dll
0x00007ffc22b60000 - 0x00007ffc22b9b000 	C:\Windows\SYSTEM32\IPHLPAPI.DLL
0x00007ffc24ce0000 - 0x00007ffc24ce8000 	C:\Windows\System32\NSI.dll
0x00007ffc12a70000 - 0x00007ffc12a7a000 	C:\Windows\System32\rasadhlp.dll
0x00007ffc12a90000 - 0x00007ffc12b10000 	C:\Windows\System32\fwpuclnt.dll
0x00007ffc24020000 - 0x00007ffc24047000 	C:\Windows\System32\bcrypt.dll
0x00007ffc11360000 - 0x00007ffc11369000 	C:\Users\Raven\.jdks\openjdk-18.0.1\bin\management.dll
0x00007ffc0dd50000 - 0x00007ffc0dd5b000 	C:\Users\Raven\.jdks\openjdk-18.0.1\bin\management_ext.dll
0x00007ffc230b0000 - 0x00007ffc230c8000 	C:\Windows\SYSTEM32\CRYPTSP.dll
0x00007ffc22770000 - 0x00007ffc227a4000 	C:\Windows\system32\rsaenh.dll
0x00007ffc23600000 - 0x00007ffc2362e000 	C:\Windows\SYSTEM32\USERENV.dll
0x00007ffc230d0000 - 0x00007ffc230dc000 	C:\Windows\SYSTEM32\CRYPTBASE.dll
0x00007ffc1a3e0000 - 0x00007ffc1a3f7000 	C:\Windows\SYSTEM32\dhcpcsvc6.DLL
0x00007ffc1af10000 - 0x00007ffc1af2d000 	C:\Windows\SYSTEM32\dhcpcsvc.DLL
0x00007ffbc20b0000 - 0x00007ffbc20c7000 	C:\Windows\system32\napinsp.dll
0x00007ffbc2090000 - 0x00007ffbc20ab000 	C:\Windows\system32\pnrpnsp.dll
0x00007ffc1e440000 - 0x00007ffc1e455000 	C:\Windows\system32\wshbth.dll
0x00007ffc1bcc0000 - 0x00007ffc1bcdd000 	C:\Windows\system32\NLAapi.dll

dbghelp: loaded successfully - version: 4.0.5 - missing functions: none
symbol engine: initialized successfully - sym options: 0x614 - pdb path: .;C:\Users\Raven\.jdks\openjdk-18.0.1\bin;C:\Windows\SYSTEM32;C:\Windows\WinSxS\amd64_microsoft.windows.common-controls_6595b64144ccf1df_6.0.19041.1110_none_60b5254171f9507e;C:\Users\Raven\.jdks\openjdk-18.0.1\bin\server;D:\IntelliJ IDEA 2022.2.2\bin

VM Arguments:
jvm_args: -XX:TieredStopAtLevel=1 -Dspring.output.ansi.enabled=always -Dcom.sun.management.jmxremote -Dspring.jmx.enabled=true -Dspring.liveBeansView.mbeanDomain -Dspring.application.admin.enabled=true -javaagent:D:\IntelliJ IDEA 2022.2.2\lib\idea_rt.jar=49404:D:\IntelliJ IDEA 2022.2.2\bin -Dfile.encoding=UTF-8 -Dsun.stdout.encoding=UTF-8 -Dsun.stderr.encoding=UTF-8 
java_command: com.example.lab2.Lab2Application
java_class_path (initial): D:\Spring\Lab2\target\classes;C:\Users\Raven\.m2\repository\org\springframework\boot\spring-boot-starter-thymeleaf\2.7.5\spring-boot-starter-thymeleaf-2.7.5.jar;C:\Users\Raven\.m2\repository\org\springframework\boot\spring-boot-starter\2.7.5\spring-boot-starter-2.7.5.jar;C:\Users\Raven\.m2\repository\org\springframework\boot\spring-boot-starter-logging\2.7.5\spring-boot-starter-logging-2.7.5.jar;C:\Users\Raven\.m2\repository\ch\qos\logback\logback-classic\1.2.11\logback-classic-1.2.11.jar;C:\Users\Raven\.m2\repository\ch\qos\logback\logback-core\1.2.11\logback-core-1.2.11.jar;C:\Users\Raven\.m2\repository\org\apache\logging\log4j\log4j-to-slf4j\2.17.2\log4j-to-slf4j-2.17.2.jar;C:\Users\Raven\.m2\repository\org\apache\logging\log4j\log4j-api\2.17.2\log4j-api-2.17.2.jar;C:\Users\Raven\.m2\repository\org\slf4j\jul-to-slf4j\1.7.36\jul-to-slf4j-1.7.36.jar;C:\Users\Raven\.m2\repository\jakarta\annotation\jakarta.annotation-api\1.3.5\jakarta.annotation-api-1.3.5.jar;C:\Users\Raven\.m2\repository\org\yaml\snakeyaml\1.30\snakeyaml-1.30.jar;C:\Users\Raven\.m2\repository\org\thymeleaf\thymeleaf-spring5\3.0.15.RELEASE\thymeleaf-spring5-3.0.15.RELEASE.jar;C:\Users\Raven\.m2\repository\org\thymeleaf\thymeleaf\3.0.15.RELEASE\thymeleaf-3.0.15.RELEASE.jar;C:\Users\Raven\.m2\repository\org\attoparser\attoparser\2.0.5.RELEASE\attoparser-2.0.5.RELEASE.jar;C:\Users\Raven\.m2\repository\org\unbescape\unbescape\1.1.6.RELEASE\unbescape-1.1.6.RELEASE.jar;C:\Users\Raven\.m2\repository\org\slf4j\slf4j-api\1.7.36\slf4j-api-1.7.36.jar;C:\Users\Raven\.m2\repository\org\thymeleaf\extras\thymeleaf-extras-java8time\3.0.4.RELEASE\thymeleaf-extras-java8time-3.0.4.RELEASE.jar;C:\Users\Raven\.m2\repository\org\springframework\boot\spring-boot-starter-web\2.7.5\spring-boot-starter-web-2.7.5.jar;C:\Users\Raven\.m2\repository\org\springframework\boot\spring-boot-starter-json\2.7.5\spring-boot-starter-json-2.7.5.jar;C:\Users\Raven\.m2\repository\com\fasterxml\jackson\core\jackson-databind\2.13.4.2\jackson-databind-2.13.4.2.jar;C:\Users\Raven\.m2\repository\com\fasterxml\jackson\core\jackson-annotations\2.13.4\jackson-annotations-2.13.4.jar;C:\Users\Raven\.m2\repository\com\fasterxml\jackson\datatype\jackson-datatype-jdk8\2.13.4\jackson-datatype-jdk8-2.13.4.jar;C:\Users\Raven\.m2\repository\com\fasterxml\jackson\datatype\jackson-datatype-jsr310\2.13.4\jackson-datatype-jsr310-2.13.4.jar;C:\Users\Raven\.m2\repository\com\fasterxml\jackson\module\jackson-module-parameter-names\2.13.4\jackson-module-parameter-names-2.13.4.jar;C:\Users\Raven\.m2\repository\org\springframework\boot\spring-boot-starter-tomcat\2.7.5\spring-boot-starter-tomcat-2.7.5.jar;C:\Users\Raven\.m2\repository\org\apache\tomcat\embed\tomcat-embed-core\9.0.68\tomcat-embed-core-9.0.68.jar;C:\Users\Raven\.m2\repository\org\apache\tomcat\embed\tomcat-embed-el\9.0.68\tomcat-embed-el-9.0.68.jar;C:\Users\Raven\.m2\repository\org\apache\tomcat\embed\tomcat-embed-websocket\9.0.68\tomcat-embed-websocket-9.0.68.jar;C:\Users\Raven\.m2\repository\org\springframework\spring-web\5.3.23\spring-web-5.3.23.jar;C:\Users\Raven\.m2\repository\org\springframework\spring-beans\5.3.23\spring-beans-5.3.23.jar;C:\Users\Raven\.m2\repository\org\springframework\spring-webmvc\5.3.23\spring-webmvc-5.3.23.jar;C:\Users\Raven\.m2\repository\org\springframework\spring-aop\5.3.23\spring-aop-5.3.23.jar;C:\Users\Raven\.m2\repository\org\springframework\spring-context\5.3.23\spring-context-5.3.23.jar;C:\Users\Raven\.m2\repository\org\springframework\spring-expression\5.3.23\spring-expression-5.3.23.jar;C:\Users\Raven\.m2\repository\org\springframework\boot\spring-boot-devtools\2.7.5\spring-boot-devtools-2.7.5.jar;C:\Users\Raven\.m2\repository\org\springframework\boot\spring-boot\2.7.5\spring-boot-2.7.5.jar;C:\Users\Raven\.m2\repository\org\springframework\boot\spring-boot-autoconfigure\2.7.5\spring-boot-autoconfigure-2.7.5.jar;C:\Users\Raven\.m2\repository\jakarta\xml\bind\jakarta.xml.bind-api\2.3.3\jakarta.xml.bind-api-2.3.3.jar;C:\Users\Raven\.m2\repository\jakarta\activation\jakarta.activation-api\1.2.2\jakarta.activation-api-1.2.2.jar;C:\Users\Raven\.m2\repository\net\bytebuddy\byte-buddy\1.12.18\byte-buddy-1.12.18.jar;C:\Users\Raven\.m2\repository\org\springframework\spring-core\5.3.23\spring-core-5.3.23.jar;C:\Users\Raven\.m2\repository\org\springframework\spring-jcl\5.3.23\spring-jcl-5.3.23.jar;C:\Users\Raven\.m2\repository\org\springdoc\springdoc-openapi-ui\1.6.4\springdoc-openapi-ui-1.6.4.jar;C:\Users\Raven\.m2\repository\org\springdoc\springdoc-openapi-webmvc-core\1.6.4\springdoc-openapi-webmvc-core-1.6.4.jar;C:\Users\Raven\.m2\repository\org\springdoc\springdoc-openapi-common\1.6.4\springdoc-openapi-common-1.6.4.jar;C:\Users\Raven\.m2\repository\io\swagger\core\v3\swagger-core\2.1.12\swagger-core-2.1.12.jar;C:\Users\Raven\.m2\repository\org\apache\commons\commons-lang3\3.12.0\commons-lang3-3.12.0.jar;C:\Users\Raven\.m2\repository\com\fasterxml\jackson\dataformat\jackson-dataformat-yaml\2.13.4\jackson-dataformat-yaml-2.13.4.jar;C:\Users\Raven\.m2\repository\io\swagger\core\v3\swagger-annotations\2.1.12\swagger-annotations-2.1.12.jar;C:\Users\Raven\.m2\repository\io\swagger\core\v3\swagger-models\2.1.12\swagger-models-2.1.12.jar;C:\Users\Raven\.m2\repository\jakarta\validation\jakarta.validation-api\2.0.2\jakarta.validation-api-2.0.2.jar;C:\Users\Raven\.m2\repository\org\webjars\swagger-ui\4.1.3\swagger-ui-4.1.3.jar;C:\Users\Raven\.m2\repository\org\webjars\webjars-locator-core\0.50\webjars-locator-core-0.50.jar;C:\Users\Raven\.m2\repository\com\fasterxml\jackson\core\jackson-core\2.13.4\jackson-core-2.13.4.jar;C:\Users\Raven\.m2\repository\io\github\classgraph\classgraph\4.8.138\classgraph-4.8.138.jar;C:\Users\Raven\.m2\repository\com\microsoft\sqlserver\mssql-jdbc\8.2.1.jre8\mssql-jdbc-8.2.1.jre8.jar;C:\Users\Raven\.m2\repository\org\springframework\boot\spring-boot-starter-data-jpa\2.7.5\spring-boot-starter-data-jpa-2.7.5.jar;C:\Users\Raven\.m2\repository\org\springframework\boot\spring-boot-starter-aop\2.7.5\spring-boot-starter-aop-2.7.5.jar;C:\Users\Raven\.m2\repository\org\aspectj\aspectjweaver\1.9.7\aspectjweaver-1.9.7.jar;C:\Users\Raven\.m2\repository\org\springframework\boot\spring-boot-starter-jdbc\2.7.5\spring-boot-starter-jdbc-2.7.5.jar;C:\Users\Raven\.m2\repository\com\zaxxer\HikariCP\4.0.3\HikariCP-4.0.3.jar;C:\Users\Raven\.m2\repository\org\springframework\spring-jdbc\5.3.23\spring-jdbc-5.3.23.jar;C:\Users\Raven\.m2\repository\jakarta\transaction\jakarta.transaction-api\1.3.3\jakarta.transaction-api-1.3.3.jar;C:\Users\Raven\.m2\repository\jakarta\persistence\jakarta.persistence-api\2.2.3\jakarta.persistence-api-2.2.3.jar;C:\Users\Raven\.m2\repository\org\hibernate\hibernate-core\5.6.12.Final\hibernate-core-5.6.12.Final.jar;C:\Users\Raven\.m2\repository\org\jboss\logging\jboss-logging\3.4.3.Final\jboss-logging-3.4.3.Final.jar;C:\Users\Raven\.m2\repository\antlr\antlr\2.7.7\antlr-2.7.7.jar;C:\Users\Raven\.m2\repository\org\jboss\jandex\2.4.2.Final\jandex-2.4.2.Final.jar;C:\Users\Raven\.m2\repository\com\fasterxml\classmate\1.5.1\classmate-1.5.1.jar;C:\Users\Raven\.m2\repository\org\hibernate\common\hibernate-commons-annotations\5.1.2.Final\hibernate-commons-annotations-5.1.2.Final.jar;C:\Users\Raven\.m2\repository\org\glassfish\jaxb\jaxb-runtime\2.3.7\jaxb-runtime-2.3.7.jar;C:\Users\Raven\.m2\repository\org\glassfish\jaxb\txw2\2.3.7\txw2-2.3.7.jar;C:\Users\Raven\.m2\repository\com\sun\istack\istack-commons-runtime\3.0.12\istack-commons-runtime-3.0.12.jar;C:\Users\Raven\.m2\repository\com\sun\activation\jakarta.activation\1.2.2\jakarta.activation-1.2.2.jar;C:\Users\Raven\.m2\repository\org\springframework\data\spring-data-jpa\2.7.5\spring-data-jpa-2.7.5.jar;C:\Users\Raven\.m2\repository\org\springframework\data\spring-data-commons\2.7.5\spring-data-commons-2.7.5.jar;C:\Users\Raven\.m2\repository\org\springframework\spring-orm\5.3.23\spring-orm-5.3.23.jar;C:\Users\Raven\.m2\repository\org\springframework\spring-tx\5.3.23\spring-tx-5.3.23.jar;C:\Users\Raven\.m2\repository\org\springframework\spring-aspects\5.3.23\spring-aspects-5.3.23.jar
Launcher Type: SUN_STANDARD

[Global flags]
     intx CICompilerCount                          = 4                                         {product} {ergonomic}
     uint ConcGCThreads                            = 3                                         {product} {ergonomic}
     uint G1ConcRefinementThreads                  = 10                                        {product} {ergonomic}
   size_t G1HeapRegionSize                         = 2097152                                   {product} {ergonomic}
    uintx GCDrainStackTargetSize                   = 64                                        {product} {ergonomic}
   size_t InitialHeapSize                          = 266338304                                 {product} {ergonomic}
     bool ManagementServer                         = true                                      {product} {command line}
   size_t MarkStackSize                            = 4194304                                   {product} {ergonomic}
   size_t MaxHeapSize                              = 4250927104                                {product} {ergonomic}
   size_t MaxNewSize                               = 2550136832                                {product} {ergonomic}
   size_t MinHeapDeltaBytes                        = 2097152                                   {product} {ergonomic}
   size_t MinHeapSize                              = 8388608                                   {product} {ergonomic}
    uintx NonProfiledCodeHeapSize                  = 0                                      {pd product} {ergonomic}
     bool ProfileInterpreter                       = false                                  {pd product} {command line}
    uintx ProfiledCodeHeapSize                     = 0                                      {pd product} {ergonomic}
   size_t SoftMaxHeapSize                          = 4250927104                             {manageable} {ergonomic}
     intx TieredStopAtLevel                        = 1                                         {product} {command line}
     bool UseCompressedClassPointers               = true                           {product lp64_product} {ergonomic}
     bool UseCompressedOops                        = true                           {product lp64_product} {ergonomic}
     bool UseG1GC                                  = true                                      {product} {ergonomic}
     bool UseLargePagesIndividualAllocation        = false                                  {pd product} {ergonomic}

Logging:
Log output configuration:
 #0: stdout all=warning uptime,level,tags foldmultilines=false
 #1: stderr all=off uptime,level,tags foldmultilines=false

Environment Variables:
JAVA_HOME=C:\Program Files\Java\jdk-18.0.1
PATH=C:\Program Files\Common Files\Oracle\Java\javapath;C:\Program Files (x86)\Common Files\Oracle\Java\javapath;C:\Program Files\Microsoft MPI\Bin\;C:\Program Files (x86)\NVIDIA Corporation\PhysX\Common;C:\Windows\system32;C:\Windows;C:\Windows\System32\Wbem;C:\Windows\System32\WindowsPowerShell\v1.0\;C:\Windows\System32\OpenSSH\;C:\Program Files\dotnet\;C:\Program Files (x86)\Microsoft SQL Server\150\DTS\Binn\;C:\Program Files\Azure Data Studio\bin;C:\Program Files\Microsoft SQL Server\Client SDK\ODBC\170\Tools\Binn\;C:\Program Files (x86)\Microsoft SQL Server\150\Tools\Binn\;C:\Program Files\Microsoft SQL Server\150\Tools\Binn\;C:\Program Files\Microsoft SQL Server\150\DTS\Binn\;D:\Git\cmd;C:\Users\Raven\AppData\Local\Microsoft\WindowsApps;C:\Users\Raven\.dotnet\tools;C:\Program Files\Azure Data Studio\bin;D:\IntelliJ IDEA Community Edition 2022.1\bin;;D:\apache-maven-3.8.5\bin;C:\Program Files (x86)\Brackets\;D:\Quartus\modelsim_ase\win32aloem;D:\Microsoft VS Code\bin
USERNAME=Raven
OS=Windows_NT
PROCESSOR_IDENTIFIER=Intel64 Family 6 Model 165 Stepping 2, GenuineIntel



---------------  S Y S T E M  ---------------

OS:
 Windows 10 , 64 bit Build 19041 (10.0.19041.2364)
OS uptime: 0 days 8:18 hours

CPU: total 12 (initial active 12) (6 cores per cpu, 2 threads per core) family 6 model 165 stepping 2 microcode 0xc8, cx8, cmov, fxsr, ht, mmx, 3dnowpref, sse, sse2, sse3, ssse3, sse4.1, sse4.2, popcnt, lzcnt, tsc, tscinvbit, avx, avx2, aes, erms, clmul, bmi1, bmi2, adx, fma, vzeroupper, clflush, clflushopt

Memory: 4k page, system-wide physical 16215M (3942M free)
TotalPageFile size 18212M (AvailPageFile size 4M)
current process WorkingSet (physical memory assigned to process): 50M, peak: 50M
current process commit charge ("private bytes"): 349M, peak: 349M

vm_info: OpenJDK 64-Bit Server VM (18.0.1+10-24) for windows-amd64 JRE (18.0.1+10-24), built on Mar  9 2022 22:38:37 by "mach5one" with MS VC++ 16.8 / 16.9 (VS2019)

END.
